Reusing old translation
Running Delta Bingo (sem)
Step 1: Translating constraints
108 syntactically new alarms detected
[16:43:04] INFO [root.<module>:14] Hello!
[16:43:06] INFO [root.<module>:47] Read 231997 clauses
[16:43:07] INFO [root.<module>:77] Bye!
[16:43:08] INFO [root.<module>:14] Hello!
[16:43:10] INFO [root.<module>:47] Read 257928 clauses
[16:43:11] INFO [root.<module>:77] Bye!
Finished translating constraints (8 sec)
Step 2: Merging constraints
[16:43:12] INFO [root.<module>:44] Hello!
[16:43:17] INFO [root.<module>:74] Read 231997 old clauses and 257928 new clauses
[16:43:17] INFO [root.<module>:76] 200414 clauses occur in common between the two sets
[16:43:17] INFO [root.<module>:86] Read 841 old alarms and 882 new alarms: 774 alarms occur in common
[16:43:17] INFO [root.<module>:98] Old clauses cover 249905 tuples: 65804 EDB and 184101 IDB tuples
[16:43:18] INFO [root.<module>:105] New clauses cover 277295 tuples: 73952 EDB and 203343 IDB tuples
[16:43:18] INFO [root.<module>:109] 218885 tuples occur in common: 57349 common EDBs
[16:43:33] INFO [root.<module>:203] Printing all EDB tuples to benchmark/readelf-2.24/sparrow-out/interval/merged_bnet_0.005/AllEDB.txt
[16:43:34] INFO [root.<module>:248] Bye!
SemAllAlarm.txt contains the same new tuples as SemAllAlarm.txt.ukd. Good-good!
Finished merging constraints (140 sec)
Step 3: Building Bayesian Network
Finished building Bayeisan network (89 sec)
Step 4: Executing Interaction
Interaction completes (386 sec)
Total alarms    : 882
True alarms     : 1
False alarms    : 881
Last true alarm : 21
AUC: 0.9772985244040863
