Reusing old translation
Running Delta Bingo (sem)
Step 1: Translating constraints
398 syntactically new alarms detected
[15:59:35] INFO [root.<module>:14] Hello!
[15:59:35] INFO [root.<module>:47] Read 47233 clauses
[15:59:35] INFO [root.<module>:77] Bye!
[15:59:35] INFO [root.<module>:14] Hello!
[15:59:36] INFO [root.<module>:47] Read 132515 clauses
[15:59:37] INFO [root.<module>:77] Bye!
Finished translating constraints (3 sec)
Step 2: Merging constraints
[15:59:37] INFO [root.<module>:44] Hello!
[15:59:38] INFO [root.<module>:74] Read 47233 old clauses and 132515 new clauses
[15:59:38] INFO [root.<module>:76] 34259 clauses occur in common between the two sets
[15:59:38] INFO [root.<module>:86] Read 572 old alarms and 818 new alarms: 420 alarms occur in common
[15:59:38] INFO [root.<module>:98] Old clauses cover 51477 tuples: 12174 EDB and 39303 IDB tuples
[15:59:39] INFO [root.<module>:105] New clauses cover 152950 tuples: 42739 EDB and 110211 IDB tuples
[15:59:39] INFO [root.<module>:109] 37772 tuples occur in common: 8529 common EDBs
[15:59:43] INFO [root.<module>:203] Printing all EDB tuples to benchmark/sed-4.3/sparrow-out/interval/merged_bnet_0.005/AllEDB.txt
[15:59:43] INFO [root.<module>:248] Bye!
SemAllAlarm.txt contains the same new tuples as SemAllAlarm.txt.ukd. Good-good!
Finished merging constraints (24 sec)
Step 3: Building Bayesian Network
Finished building Bayeisan network (16 sec)
Step 4: Executing Interaction
Interaction completes (232 sec)
Total alarms    : 818
True alarms     : 1
False alarms    : 817
Last true alarm : 39
AUC: 0.9534883720930232
