Reusing old translation
Running Delta Bingo (sem)
Step 1: Translating constraints
27 syntactically new alarms detected
[17:34:56] INFO [root.<module>:14] Hello!
[17:34:58] INFO [root.<module>:47] Read 205872 clauses
[17:34:58] INFO [root.<module>:77] Bye!
[17:34:59] INFO [root.<module>:14] Hello!
[17:35:06] INFO [root.<module>:47] Read 651481 clauses
[17:35:08] INFO [root.<module>:77] Bye!
Finished translating constraints (14 sec)
Step 2: Merging constraints
[17:35:10] INFO [root.<module>:44] Hello!
[17:35:19] INFO [root.<module>:74] Read 205872 old clauses and 651481 new clauses
[17:35:19] INFO [root.<module>:76] 119278 clauses occur in common between the two sets
[17:35:19] INFO [root.<module>:86] Read 15 old alarms and 35 new alarms: 8 alarms occur in common
[17:35:19] INFO [root.<module>:98] Old clauses cover 115210 tuples: 34768 EDB and 80442 IDB tuples
[17:35:21] INFO [root.<module>:105] New clauses cover 252379 tuples: 41982 EDB and 210397 IDB tuples
[17:35:21] INFO [root.<module>:109] 81478 tuples occur in common: 24153 common EDBs
[17:35:39] INFO [root.<module>:203] Printing all EDB tuples to benchmark/urjtag-0.8/sparrow-out/taint/merged_bnet_0.01/AllEDB.txt
[17:35:41] INFO [root.<module>:248] Bye!
SemAllAlarm.txt contains the same new tuples as SemAllAlarm.txt.ukd. Good-good!
Finished merging constraints (86 sec)
Step 3: Building Bayesian Network
Finished building Bayeisan network (21 sec)
Step 4: Executing Interaction
Interaction completes (217 sec)
Total alarms    : 35
True alarms     : 6
False alarms    : 29
Last true alarm : 21
AUC: 0.5459770114942529
